<?xml version="1.0" encoding="UTF-8"?>
<testsuite name="com.nuwan.goodbyeservice.GoodbyeServiceApplicationTests" tests="1" skipped="0" failures="0" errors="0" timestamp="2018-11-04T08:23:10" hostname="nuwan-VirtualBox" time="0.341">
  <properties/>
  <testcase name="contextLoads" classname="com.nuwan.goodbyeservice.GoodbyeServiceApplicationTests" time="0.341"/>
  <system-out><![CDATA[13:52:59.363 [Test worker] DEBUG org.springframework.test.context.junit4.SpringJUnit4ClassRunner - SpringJUnit4ClassRunner constructor called with [class com.nuwan.goodbyeservice.GoodbyeServiceApplicationTests]
13:52:59.381 [Test worker] DEBUG org.springframework.test.context.BootstrapUtils - Instantiating CacheAwareContextLoaderDelegate from class [org.springframework.test.context.cache.DefaultCacheAwareContextLoaderDelegate]
13:52:59.403 [Test worker] DEBUG org.springframework.test.context.BootstrapUtils - Instantiating BootstrapContext using constructor [public org.springframework.test.context.support.DefaultBootstrapContext(java.lang.Class,org.springframework.test.context.CacheAwareContextLoaderDelegate)]
13:52:59.454 [Test worker] DEBUG org.springframework.test.context.BootstrapUtils - Instantiating TestContextBootstrapper for test class [com.nuwan.goodbyeservice.GoodbyeServiceApplicationTests] from class [org.springframework.boot.test.context.SpringBootTestContextBootstrapper]
13:52:59.490 [Test worker] INFO org.springframework.boot.test.context.SpringBootTestContextBootstrapper - Neither @ContextConfiguration nor @ContextHierarchy found for test class [com.nuwan.goodbyeservice.GoodbyeServiceApplicationTests], using SpringBootContextLoader
13:52:59.497 [Test worker] DEBUG org.springframework.test.context.support.AbstractContextLoader - Did not detect default resource location for test class [com.nuwan.goodbyeservice.GoodbyeServiceApplicationTests]: class path resource [com/nuwan/goodbyeservice/GoodbyeServiceApplicationTests-context.xml] does not exist
13:52:59.498 [Test worker] DEBUG org.springframework.test.context.support.AbstractContextLoader - Did not detect default resource location for test class [com.nuwan.goodbyeservice.GoodbyeServiceApplicationTests]: class path resource [com/nuwan/goodbyeservice/GoodbyeServiceApplicationTestsContext.groovy] does not exist
13:52:59.499 [Test worker] INFO org.springframework.test.context.support.AbstractContextLoader - Could not detect default resource locations for test class [com.nuwan.goodbyeservice.GoodbyeServiceApplicationTests]: no resource found for suffixes {-context.xml, Context.groovy}.
13:52:59.501 [Test worker] INFO org.springframework.test.context.support.AnnotationConfigContextLoaderUtils - Could not detect default configuration classes for test class [com.nuwan.goodbyeservice.GoodbyeServiceApplicationTests]: GoodbyeServiceApplicationTests does not declare any static, non-private, non-final, nested classes annotated with @Configuration.
13:52:59.623 [Test worker] DEBUG org.springframework.test.context.support.ActiveProfilesUtils - Could not find an 'annotation declaring class' for annotation type [org.springframework.test.context.ActiveProfiles] and class [com.nuwan.goodbyeservice.GoodbyeServiceApplicationTests]
13:52:59.778 [Test worker] DEBUG org.springframework.context.annotation.ClassPathScanningCandidateComponentProvider - Identified candidate component class: file [/home/nuwan/spring-clould-java/goodbye-service/build/classes/java/main/com/nuwan/goodbyeservice/GoodbyeServiceApplication.class]
13:52:59.780 [Test worker] INFO org.springframework.boot.test.context.SpringBootTestContextBootstrapper - Found @SpringBootConfiguration com.nuwan.goodbyeservice.GoodbyeServiceApplication for test class com.nuwan.goodbyeservice.GoodbyeServiceApplicationTests
13:53:00.030 [Test worker] DEBUG org.springframework.boot.test.context.SpringBootTestContextBootstrapper - @TestExecutionListeners is not present for class [com.nuwan.goodbyeservice.GoodbyeServiceApplicationTests]: using defaults.
13:53:00.031 [Test worker] INFO org.springframework.boot.test.context.SpringBootTestContextBootstrapper - Loaded default TestExecutionListener class names from location [META-INF/spring.factories]: [org.springframework.boot.test.autoconfigure.restdocs.RestDocsTestExecutionListener, org.springframework.boot.test.autoconfigure.web.client.MockRestServiceServerResetTestExecutionListener, org.springframework.boot.test.autoconfigure.web.servlet.MockMvcPrintOnlyOnFailureTestExecutionListener, org.springframework.boot.test.autoconfigure.web.servlet.WebDriverTestExecutionListener, org.springframework.boot.test.mock.mockito.MockitoTestExecutionListener, org.springframework.boot.test.mock.mockito.ResetMocksTestExecutionListener, org.springframework.test.context.web.ServletTestExecutionListener, org.springframework.test.context.support.DirtiesContextBeforeModesTestExecutionListener, org.springframework.test.context.support.DependencyInjectionTestExecutionListener, org.springframework.test.context.support.DirtiesContextTestExecutionListener, org.springframework.test.context.transaction.TransactionalTestExecutionListener, org.springframework.test.context.jdbc.SqlScriptsTestExecutionListener]
13:53:00.050 [Test worker] DEBUG org.springframework.boot.test.context.SpringBootTestContextBootstrapper - Skipping candidate TestExecutionListener [org.springframework.test.context.transaction.TransactionalTestExecutionListener] due to a missing dependency. Specify custom listener classes or make the default listener classes and their required dependencies available. Offending class: [org/springframework/transaction/TransactionDefinition]
13:53:00.051 [Test worker] DEBUG org.springframework.boot.test.context.SpringBootTestContextBootstrapper - Skipping candidate TestExecutionListener [org.springframework.test.context.jdbc.SqlScriptsTestExecutionListener] due to a missing dependency. Specify custom listener classes or make the default listener classes and their required dependencies available. Offending class: [org/springframework/transaction/interceptor/TransactionAttribute]
13:53:00.052 [Test worker] INFO org.springframework.boot.test.context.SpringBootTestContextBootstrapper - Using TestExecutionListeners: [org.springframework.test.context.web.ServletTestExecutionListener@32cf7092, org.springframework.test.context.support.DirtiesContextBeforeModesTestExecutionListener@18d1075f, org.springframework.boot.test.mock.mockito.MockitoTestExecutionListener@682d069, org.springframework.boot.test.autoconfigure.SpringBootDependencyInjectionTestExecutionListener@3540b906, org.springframework.test.context.support.DirtiesContextTestExecutionListener@7cc204dc, org.springframework.boot.test.autoconfigure.restdocs.RestDocsTestExecutionListener@6cb91fe4, org.springframework.boot.test.autoconfigure.web.client.MockRestServiceServerResetTestExecutionListener@7ca89b82, org.springframework.boot.test.autoconfigure.web.servlet.MockMvcPrintOnlyOnFailureTestExecutionListener@4c908598, org.springframework.boot.test.autoconfigure.web.servlet.WebDriverTestExecutionListener@20188c32, org.springframework.boot.test.mock.mockito.ResetMocksTestExecutionListener@47af1ea]
13:53:00.057 [Test worker] DEBUG org.springframework.test.annotation.ProfileValueUtils - Retrieved @ProfileValueSourceConfiguration [null] for test class [com.nuwan.goodbyeservice.GoodbyeServiceApplicationTests]
13:53:00.059 [Test worker] DEBUG org.springframework.test.annotation.ProfileValueUtils - Retrieved ProfileValueSource type [class org.springframework.test.annotation.SystemProfileValueSource] for class [com.nuwan.goodbyeservice.GoodbyeServiceApplicationTests]
13:53:00.060 [Test worker] DEBUG org.springframework.test.annotation.ProfileValueUtils - Retrieved @ProfileValueSourceConfiguration [null] for test class [com.nuwan.goodbyeservice.GoodbyeServiceApplicationTests]
13:53:00.061 [Test worker] DEBUG org.springframework.test.annotation.ProfileValueUtils - Retrieved ProfileValueSource type [class org.springframework.test.annotation.SystemProfileValueSource] for class [com.nuwan.goodbyeservice.GoodbyeServiceApplicationTests]
13:53:00.074 [Test worker] DEBUG org.springframework.test.context.support.AbstractDirtiesContextTestExecutionListener - Before test class: context [DefaultTestContext@39591849 testClass = GoodbyeServiceApplicationTests, testInstance = [null], testMethod = [null], testException = [null], mergedContextConfiguration = [WebMergedContextConfiguration@579b762e testClass = GoodbyeServiceApplicationTests, locations = '{}', classes = '{class com.nuwan.goodbyeservice.GoodbyeServiceApplication}', contextInitializerClasses = '[]', activeProfiles = '{}', propertySourceLocations = '{}', propertySourceProperties = '{org.springframework.boot.test.context.SpringBootTestContextBootstrapper=true}', contextCustomizers = set[org.springframework.boot.test.autoconfigure.properties.PropertyMappingContextCustomizer@0, org.springframework.boot.test.autoconfigure.web.servlet.WebDriverContextCustomizerFactory$Customizer@79e63c7e, org.springframework.boot.test.context.filter.ExcludeFilterContextCustomizer@35d2e552, org.springframework.boot.test.json.DuplicateJsonObjectContextCustomizerFactory$DuplicateJsonObjectContextCustomizer@50aa364c, org.springframework.boot.test.mock.mockito.MockitoContextCustomizer@0, org.springframework.boot.test.web.client.TestRestTemplateContextCustomizer@3d2a8c21], resourceBasePath = 'src/main/webapp', contextLoader = 'org.springframework.boot.test.context.SpringBootContextLoader', parent = [null]], attributes = map['org.springframework.test.context.web.ServletTestExecutionListener.activateListener' -> true]], class annotated with @DirtiesContext [false] with mode [null].
13:53:00.076 [Test worker] DEBUG org.springframework.test.annotation.ProfileValueUtils - Retrieved @ProfileValueSourceConfiguration [null] for test class [com.nuwan.goodbyeservice.GoodbyeServiceApplicationTests]
13:53:00.076 [Test worker] DEBUG org.springframework.test.annotation.ProfileValueUtils - Retrieved ProfileValueSource type [class org.springframework.test.annotation.SystemProfileValueSource] for class [com.nuwan.goodbyeservice.GoodbyeServiceApplicationTests]
13:53:00.118 [Test worker] DEBUG org.springframework.test.context.support.TestPropertySourceUtils - Adding inlined properties to environment: {spring.jmx.enabled=false, org.springframework.boot.test.context.SpringBootTestContextBootstrapper=true, server.port=-1}
2018-11-04 13:53:01.946  INFO 5754 --- [    Test worker] trationDelegate$BeanPostProcessorChecker : Bean 'configurationPropertiesRebinderAutoConfiguration' of type [org.springframework.cloud.autoconfigure.ConfigurationPropertiesRebinderAutoConfiguration$$EnhancerBySpringCGLIB$$7ff6c164] is not eligible for getting processed by all BeanPostProcessors (for example: not eligible for auto-proxying)

  .   ____          _            __ _ _
 /\\ / ___'_ __ _ _(_)_ __  __ _ \ \ \ \
( ( )\___ | '_ | '_| | '_ \/ _` | \ \ \ \
 \\/  ___)| |_)| | | | | || (_| |  ) ) ) )
  '  |____| .__|_| |_|_| |_\__, | / / / /
 =========|_|==============|___/=/_/_/_/
 :: Spring Boot ::        (v2.1.0.RELEASE)

2018-11-04 13:53:02.316  INFO 5754 --- [    Test worker] c.n.g.GoodbyeServiceApplicationTests     : No active profile set, falling back to default profiles: default
2018-11-04 13:53:04.260  INFO 5754 --- [    Test worker] o.s.cloud.context.scope.GenericScope     : BeanFactory id=12497c5e-9d8a-34c8-8ee7-5c153c5a9a6d
2018-11-04 13:53:04.501  INFO 5754 --- [    Test worker] trationDelegate$BeanPostProcessorChecker : Bean 'org.springframework.cloud.autoconfigure.ConfigurationPropertiesRebinderAutoConfiguration' of type [org.springframework.cloud.autoconfigure.ConfigurationPropertiesRebinderAutoConfiguration$$EnhancerBySpringCGLIB$$7ff6c164] is not eligible for getting processed by all BeanPostProcessors (for example: not eligible for auto-proxying)
2018-11-04 13:53:05.218  WARN 5754 --- [    Test worker] c.n.c.sources.URLConfigurationSource     : No URLs will be polled as dynamic configuration sources.
2018-11-04 13:53:05.219  INFO 5754 --- [    Test worker] c.n.c.sources.URLConfigurationSource     : To enable URLs as dynamic configuration sources, define System property archaius.configurationSource.additionalUrls or make config.properties available on classpath.
2018-11-04 13:53:05.245  WARN 5754 --- [    Test worker] c.n.c.sources.URLConfigurationSource     : No URLs will be polled as dynamic configuration sources.
2018-11-04 13:53:05.246  INFO 5754 --- [    Test worker] c.n.c.sources.URLConfigurationSource     : To enable URLs as dynamic configuration sources, define System property archaius.configurationSource.additionalUrls or make config.properties available on classpath.
2018-11-04 13:53:06.338  INFO 5754 --- [    Test worker] o.s.s.concurrent.ThreadPoolTaskExecutor  : Initializing ExecutorService 'applicationTaskExecutor'
2018-11-04 13:53:07.798  INFO 5754 --- [    Test worker] o.s.c.n.eureka.InstanceInfoFactory       : Setting initial instance status as: STARTING
2018-11-04 13:53:07.948  INFO 5754 --- [    Test worker] com.netflix.discovery.DiscoveryClient    : Initializing Eureka in region us-east-1
2018-11-04 13:53:08.928  INFO 5754 --- [    Test worker] c.n.d.provider.DiscoveryJerseyProvider   : Using JSON encoding codec LegacyJacksonJson
2018-11-04 13:53:08.929  INFO 5754 --- [    Test worker] c.n.d.provider.DiscoveryJerseyProvider   : Using JSON decoding codec LegacyJacksonJson
2018-11-04 13:53:09.269  INFO 5754 --- [    Test worker] c.n.d.provider.DiscoveryJerseyProvider   : Using XML encoding codec XStreamXml
2018-11-04 13:53:09.270  INFO 5754 --- [    Test worker] c.n.d.provider.DiscoveryJerseyProvider   : Using XML decoding codec XStreamXml
2018-11-04 13:53:09.780  INFO 5754 --- [    Test worker] c.n.d.s.r.aws.ConfigClusterResolver      : Resolving eureka endpoints via configuration
2018-11-04 13:53:09.829  INFO 5754 --- [    Test worker] com.netflix.discovery.DiscoveryClient    : Disable delta property : false
2018-11-04 13:53:09.830  INFO 5754 --- [    Test worker] com.netflix.discovery.DiscoveryClient    : Single vip registry refresh property : null
2018-11-04 13:53:09.834  INFO 5754 --- [    Test worker] com.netflix.discovery.DiscoveryClient    : Force full registry fetch : false
2018-11-04 13:53:09.835  INFO 5754 --- [    Test worker] com.netflix.discovery.DiscoveryClient    : Application is null : false
2018-11-04 13:53:09.836  INFO 5754 --- [    Test worker] com.netflix.discovery.DiscoveryClient    : Registered Applications size is zero : true
2018-11-04 13:53:09.836  INFO 5754 --- [    Test worker] com.netflix.discovery.DiscoveryClient    : Application version is -1: true
2018-11-04 13:53:09.836  INFO 5754 --- [    Test worker] com.netflix.discovery.DiscoveryClient    : Getting all instance registry info from the eureka server
2018-11-04 13:53:10.298  INFO 5754 --- [    Test worker] com.netflix.discovery.DiscoveryClient    : The response status is 200
2018-11-04 13:53:10.304  INFO 5754 --- [    Test worker] com.netflix.discovery.DiscoveryClient    : Starting heartbeat executor: renew interval is: 30
2018-11-04 13:53:10.310  INFO 5754 --- [    Test worker] c.n.discovery.InstanceInfoReplicator     : InstanceInfoReplicator onDemand update allowed rate per min is 4
2018-11-04 13:53:10.330  INFO 5754 --- [    Test worker] com.netflix.discovery.DiscoveryClient    : Discovery Client initialized at timestamp 1541319790324 with initial instances count: 2
2018-11-04 13:53:10.650  INFO 5754 --- [    Test worker] c.n.g.GoodbyeServiceApplicationTests     : Started GoodbyeServiceApplicationTests in 10.512 seconds (JVM running for 13.078)
]]></system-out>
  <system-err><![CDATA[]]></system-err>
</testsuite>
